# JRE version: Java(TM) SE Runtime Environment (17.0.12+8) (build 17.0.12+8-LTS-286)
# Java VM: Java HotSpot(TM) 64-Bit Server VM (17.0.12+8-LTS-286, mixed mode, sharing, tiered, compressed oops, compressed class ptrs, g1 gc, windows-amd64)
GC Precious Log:
 CPUs: 12 total, 12 available
 Memory: 7502M
 Large Page Support: Disabled
 NUMA Support: Disabled
 Compressed Oops: Enabled (Zero based)
 Heap Region Size: 4M
 Heap Min Capacity: 8M
 Heap Initial Capacity: 120M
 Heap Max Capacity: 8G
 Pre-touch: Disabled
 Parallel Workers: 10
 Concurrent Workers: 3
 Concurrent Refinement Workers: 10
 Periodic GC: Disabled
Heap:
 garbage-first heap   total 1277952K, used 453642K [0x0000000600000000, 0x0000000800000000)
  region size 4096K, 6 young (24576K), 6 survivors (24576K)
 Metaspace       used 239009K, committed 241344K, reserved 1310720K
  class space    used 30359K, committed 31424K, reserved 1048576K
GC Heap History (20 events):
Event: 225.855 GC heap after
{Heap after GC invocations=94 (full 0):
 garbage-first heap   total 843776K, used 379815K [0x0000000600000000, 0x0000000800000000)
  region size 4096K, 6 young (24576K), 6 survivors (24576K)
 Metaspace       used 215844K, committed 218048K, reserved 1245184K
  class space    used 27214K, committed 28224K, reserved 1048576K
}
Event: 236.062 GC heap before
{Heap before GC invocations=94 (full 0):
 garbage-first heap   total 843776K, used 723879K [0x0000000600000000, 0x0000000800000000)
  region size 4096K, 90 young (368640K), 6 survivors (24576K)
 Metaspace       used 216787K, committed 218944K, reserved 1245184K
  class space    used 27266K, committed 28288K, reserved 1048576K
}
Event: 236.111 GC heap after
{Heap after GC invocations=95 (full 0):
 garbage-first heap   total 843776K, used 389956K [0x0000000600000000, 0x0000000800000000)
  region size 4096K, 9 young (36864K), 9 survivors (36864K)
 Metaspace       used 216787K, committed 218944K, reserved 1245184K
  class space    used 27266K, committed 28288K, reserved 1048576K
}
Event: 239.068 GC heap before
{Heap before GC invocations=95 (full 0):
 garbage-first heap   total 843776K, used 709444K [0x0000000600000000, 0x0000000800000000)
  region size 4096K, 88 young (360448K), 9 survivors (36864K)
 Metaspace       used 216902K, committed 219136K, reserved 1245184K
  class space    used 27276K, committed 28288K, reserved 1048576K
}
Event: 239.200 GC heap after
{Heap after GC invocations=96 (full 0):
 garbage-first heap   total 843776K, used 391015K [0x0000000600000000, 0x0000000800000000)
  region size 4096K, 5 young (20480K), 5 survivors (20480K)
 Metaspace       used 216902K, committed 219136K, reserved 1245184K
  class space    used 27276K, committed 28288K, reserved 1048576K
}
Event: 242.369 GC heap before
{Heap before GC invocations=96 (full 0):
 garbage-first heap   total 843776K, used 714599K [0x0000000600000000, 0x0000000800000000)
  region size 4096K, 84 young (344064K), 5 survivors (20480K)
 Metaspace       used 217110K, committed 219328K, reserved 1245184K
  class space    used 27279K, committed 28288K, reserved 1048576K
}
Event: 242.380 GC heap after
{Heap after GC invocations=97 (full 0):
 garbage-first heap   total 843776K, used 383684K [0x0000000600000000, 0x0000000800000000)
  region size 4096K, 3 young (12288K), 3 survivors (12288K)
 Metaspace       used 217110K, committed 219328K, reserved 1245184K
  class space    used 27279K, committed 28288K, reserved 1048576K
}
Event: 253.648 GC heap before
{Heap before GC invocations=97 (full 0):
 garbage-first heap   total 843776K, used 715460K [0x0000000600000000, 0x0000000800000000)
  region size 4096K, 85 young (348160K), 3 survivors (12288K)
 Metaspace       used 218610K, committed 220928K, reserved 1245184K
  class space    used 27368K, committed 28416K, reserved 1048576K
}
Event: 253.667 GC heap after
{Heap after GC invocations=98 (full 0):
 garbage-first heap   total 843776K, used 398040K [0x0000000600000000, 0x0000000800000000)
  region size 4096K, 7 young (28672K), 7 survivors (28672K)
 Metaspace       used 218610K, committed 220928K, reserved 1245184K
  class space    used 27368K, committed 28416K, reserved 1048576K
}
Event: 257.054 GC heap before
{Heap before GC invocations=98 (full 0):
 garbage-first heap   total 843776K, used 713432K [0x0000000600000000, 0x0000000800000000)
  region size 4096K, 83 young (339968K), 7 survivors (28672K)
 Metaspace       used 218861K, committed 221120K, reserved 1245184K
  class space    used 27399K, committed 28416K, reserved 1048576K
}
Event: 257.124 GC heap after
{Heap after GC invocations=99 (full 0):
 garbage-first heap   total 843776K, used 406754K [0x0000000600000000, 0x0000000800000000)
  region size 4096K, 5 young (20480K), 5 survivors (20480K)
 Metaspace       used 218861K, committed 221120K, reserved 1245184K
  class space    used 27399K, committed 28416K, reserved 1048576K
}
Event: 263.701 GC heap before
{Heap before GC invocations=99 (full 0):
 garbage-first heap   total 843776K, used 488674K [0x0000000600000000, 0x0000000800000000)
  region size 4096K, 7 young (28672K), 5 survivors (20480K)
 Metaspace       used 218952K, committed 221248K, reserved 1245184K
  class space    used 27410K, committed 28480K, reserved 1048576K
}
Event: 263.717 GC heap after
{Heap after GC invocations=100 (full 0):
 garbage-first heap   total 843776K, used 480013K [0x0000000600000000, 0x0000000800000000)
  region size 4096K, 4 young (16384K), 4 survivors (16384K)
 Metaspace       used 218952K, committed 221248K, reserved 1245184K
  class space    used 27410K, committed 28480K, reserved 1048576K
}
Event: 272.838 GC heap before
{Heap before GC invocations=100 (full 0):
 garbage-first heap   total 1277952K, used 762637K [0x0000000600000000, 0x0000000800000000)
  region size 4096K, 53 young (217088K), 4 survivors (16384K)
 Metaspace       used 220161K, committed 222720K, reserved 1245184K
  class space    used 27640K, committed 28736K, reserved 1048576K
}
Event: 272.862 GC heap after
{Heap after GC invocations=101 (full 0):
 garbage-first heap   total 1277952K, used 390763K [0x0000000600000000, 0x0000000800000000)
  region size 4096K, 5 young (20480K), 5 survivors (20480K)
 Metaspace       used 220161K, committed 222720K, reserved 1245184K
  class space    used 27640K, committed 28736K, reserved 1048576K
}
Event: 284.095 GC heap before
{Heap before GC invocations=102 (full 0):
 garbage-first heap   total 1277952K, used 1082987K [0x0000000600000000, 0x0000000800000000)
  region size 4096K, 170 young (696320K), 5 survivors (20480K)
 Metaspace       used 235429K, committed 237696K, reserved 1310720K
  class space    used 29878K, committed 30912K, reserved 1048576K
}
Event: 284.218 GC heap after
{Heap after GC invocations=103 (full 0):
 garbage-first heap   total 1277952K, used 447693K [0x0000000600000000, 0x0000000800000000)
  region size 4096K, 17 young (69632K), 17 survivors (69632K)
 Metaspace       used 235429K, committed 237696K, reserved 1310720K
  class space    used 29878K, committed 30912K, reserved 1048576K
}
Event: 284.233 GC heap before
{Heap before GC invocations=103 (full 0):
 garbage-first heap   total 1277952K, used 451789K [0x0000000600000000, 0x0000000800000000)
  region size 4096K, 18 young (73728K), 17 survivors (69632K)
 Metaspace       used 235434K, committed 237696K, reserved 1310720K
  class space    used 29880K, committed 30912K, reserved 1048576K
}
Event: 284.664 GC heap after
{Heap after GC invocations=104 (full 0):
 garbage-first heap   total 1277952K, used 441567K [0x0000000600000000, 0x0000000800000000)
  region size 4096K, 3 young (12288K), 3 survivors (12288K)
 Metaspace       used 235434K, committed 237696K, reserved 1310720K
  class space    used 29880K, committed 30912K, reserved 1048576K
}
Event: 288.800 GC heap before
{Heap before GC invocations=104 (full 0):
 garbage-first heap   total 1277952K, used 879839K [0x0000000600000000, 0x0000000800000000)
  region size 4096K, 111 young (454656K), 3 survivors (12288K)
 Metaspace       used 239009K, committed 241344K, reserved 1310720K
  class space    used 30359K, committed 31424K, reserved 1048576K
}

